<?xml version="1.0" encoding="UTF-8"?>
<!-- Generated by org.testng.reporters.JUnitXMLReporter -->
<testsuite ignored="0" hostname="del1-lhp-n70265" failures="0" tests="3" name="Surefire test" time="26.582" errors="0" timestamp="2023-05-11T16:53:17 IST">
  <testcase classname="com.testng.selenium.v2.LoginLogoutTest" name="loginTest" time="5.288"/>
  <testcase classname="com.testng.selenium.v2.LoginLogoutTest" name="logoutTest" time="5.09"/>
  <testcase classname="com.testng.selenium.v2.LoginLogoutTest" name="userregister" time="12.933"/>
</testsuite> <!-- Surefire test -->
