<?xml version="1.0" encoding="UTF-8"?>
<!-- Generated by org.testng.reporters.JUnitXMLReporter -->
<testsuite ignored="0" hostname="del1-lhp-n70265" failures="0" tests="3" name="Default test" time="33.431" errors="0" timestamp="2023-05-11T16:43:00 IST">
  <testcase classname="com.testng.selenium.v2.LoginLogoutTest" name="loginTest" time="5.198"/>
  <testcase classname="com.testng.selenium.v2.LoginLogoutTest" name="logoutTest" time="5.096"/>
  <testcase classname="com.testng.selenium.v2.LoginLogoutTest" name="userregister" time="16.261"/>
</testsuite> <!-- Default test -->
