<?xml version="1.0" encoding="UTF-8"?>
<!-- Generated by org.testng.reporters.JUnitXMLReporter -->
<testsuite ignored="0" hostname="del1-lhp-n70265" failures="2" tests="2" name="LoginLogoutTest" time="14.792" errors="0" timestamp="2023-05-09T22:33:21 IST">
  <testcase classname="com.testng.selenium.v2.LoginLogoutTest" name="loginTest" time="5.485">
    <failure type="java.lang.AssertionError" message="expected [Welcome to Instagram.com] but found [HOME]">
      <![CDATA[java.lang.AssertionError: expected [Welcome to Instagram.com] but found [HOME]
at com.testng.selenium.v2.LoginLogoutTest.loginTest(LoginLogoutTest.java:38)
at java.base/java.util.ArrayList.forEach(ArrayList.java:1511)
at java.base/java.util.concurrent.FutureTask.run(FutureTask.java:264)
at java.base/java.util.concurrent.ThreadPoolExecutor.runWorker(ThreadPoolExecutor.java:1136)
at java.base/java.util.concurrent.ThreadPoolExecutor$Worker.run(ThreadPoolExecutor.java:635)
at java.base/java.lang.Thread.run(Thread.java:833)
... Removed 23 stack frames]]>
    </failure>
  </testcase> <!-- loginTest -->
  <testcase classname="com.testng.selenium.v2.LoginLogoutTest" name="logoutTest" time="5.18">
    <failure type="java.lang.AssertionError" message="expected [Login | Instagram.com] but found [admin-user role-based-login-system]">
      <![CDATA[java.lang.AssertionError: expected [Login | Instagram.com] but found [admin-user role-based-login-system]
at com.testng.selenium.v2.LoginLogoutTest.logoutTest(LoginLogoutTest.java:49)
at java.base/java.util.ArrayList.forEach(ArrayList.java:1511)
at java.base/java.util.concurrent.FutureTask.run(FutureTask.java:264)
at java.base/java.util.concurrent.ThreadPoolExecutor.runWorker(ThreadPoolExecutor.java:1136)
at java.base/java.util.concurrent.ThreadPoolExecutor$Worker.run(ThreadPoolExecutor.java:635)
at java.base/java.lang.Thread.run(Thread.java:833)
... Removed 23 stack frames]]>
    </failure>
  </testcase> <!-- logoutTest -->
</testsuite> <!-- LoginLogoutTest -->
