<?xml version="1.0" encoding="UTF-8"?>
<testng-results ignored="0" total="2" passed="2" failed="0" skipped="0">
  <reporter-output>
  </reporter-output>
  <suite started-at="2023-05-10T16:15:49 IST" name="com.testng.selenium.v2.LoginLogoutTest" finished-at="2023-05-10T16:16:02 IST" duration-ms="12933">
    <groups>
    </groups>
    <test started-at="2023-05-10T16:15:49 IST" name="Command line test" finished-at="2023-05-10T16:16:02 IST" duration-ms="12933">
      <class name="com.testng.selenium.v2.LoginLogoutTest">
        <test-method is-config="true" signature="setup()[pri:0, instance:com.testng.selenium.v2.LoginLogoutTest@4ae3c1cd]" started-at="2023-05-10T16:15:49 IST" name="setup" finished-at="2023-05-10T16:15:52 IST" duration-ms="2605" status="PASS">
          <reporter-output>
          </reporter-output>
        </test-method> <!-- setup -->
        <test-method signature="loginTest()[pri:1, instance:com.testng.selenium.v2.LoginLogoutTest@4ae3c1cd]" started-at="2023-05-10T16:15:52 IST" name="loginTest" finished-at="2023-05-10T16:15:57 IST" duration-ms="5225" status="PASS">
          <reporter-output>
          </reporter-output>
        </test-method> <!-- loginTest -->
        <test-method signature="logoutTest()[pri:2, instance:com.testng.selenium.v2.LoginLogoutTest@4ae3c1cd]" started-at="2023-05-10T16:15:57 IST" name="logoutTest" finished-at="2023-05-10T16:16:02 IST" duration-ms="5068" status="PASS">
          <reporter-output>
          </reporter-output>
        </test-method> <!-- logoutTest -->
      </class> <!-- com.testng.selenium.v2.LoginLogoutTest -->
    </test> <!-- Command line test -->
  </suite> <!-- com.testng.selenium.v2.LoginLogoutTest -->
</testng-results>
