<?xml version="1.0" encoding="UTF-8"?>
<!-- Generated by org.testng.reporters.JUnitXMLReporter -->
<testsuite ignored="0" hostname="del1-lhp-n70265" failures="0" tests="3" name="Command line test" time="32.688" errors="0" timestamp="2023-05-11T16:41:14 IST">
  <testcase classname="com.testng.selenium.v2.LoginLogoutTest" name="loginTest" time="5.284"/>
  <testcase classname="com.testng.selenium.v2.LoginLogoutTest" name="logoutTest" time="5.071"/>
  <testcase classname="com.testng.selenium.v2.LoginLogoutTest" name="userregister" time="18.992"/>
</testsuite> <!-- Command line test -->
