<?xml version="1.0" encoding="UTF-8"?>
<!-- Generated by org.testng.reporters.JUnitXMLReporter -->
<testsuite ignored="0" hostname="del1-lhp-n70265" failures="0" tests="3" name="Command line test" time="31.743" errors="0" timestamp="2023-05-11T17:17:16 IST">
  <testcase classname="com.testng.selenium.v2.LoginLogoutTest" name="loginTest" time="5.555"/>
  <testcase classname="com.testng.selenium.v2.LoginLogoutTest" name="logoutTest" time="5.173"/>
  <testcase classname="com.testng.selenium.v2.LoginLogoutTest" name="userregister" time="8.709"/>
</testsuite> <!-- Command line test -->
