<?xml version="1.0" encoding="UTF-8"?>
<testng-results ignored="0" total="2" passed="2" failed="0" skipped="0">
  <reporter-output>
  </reporter-output>
  <suite started-at="2023-05-10T16:06:53 IST" name="Default suite" finished-at="2023-05-10T16:07:06 IST" duration-ms="13064">
    <groups>
    </groups>
    <test started-at="2023-05-10T16:06:53 IST" name="Default test" finished-at="2023-05-10T16:07:06 IST" duration-ms="13064">
      <class name="com.testng.selenium.v2.LoginLogoutTest">
        <test-method is-config="true" signature="setup()[pri:0, instance:com.testng.selenium.v2.LoginLogoutTest@9597028]" started-at="2023-05-10T16:06:53 IST" name="setup" finished-at="2023-05-10T16:06:56 IST" duration-ms="2722" status="PASS">
          <reporter-output>
          </reporter-output>
        </test-method> <!-- setup -->
        <test-method signature="loginTest()[pri:1, instance:com.testng.selenium.v2.LoginLogoutTest@9597028]" started-at="2023-05-10T16:06:56 IST" name="loginTest" finished-at="2023-05-10T16:07:01 IST" duration-ms="5236" status="PASS">
          <reporter-output>
          </reporter-output>
        </test-method> <!-- loginTest -->
        <test-method signature="logoutTest()[pri:2, instance:com.testng.selenium.v2.LoginLogoutTest@9597028]" started-at="2023-05-10T16:07:01 IST" name="logoutTest" finished-at="2023-05-10T16:07:06 IST" duration-ms="5070" status="PASS">
          <reporter-output>
          </reporter-output>
        </test-method> <!-- logoutTest -->
      </class> <!-- com.testng.selenium.v2.LoginLogoutTest -->
    </test> <!-- Default test -->
  </suite> <!-- Default suite -->
</testng-results>
